<?xml version="1.0" encoding="utf-8"?><testsuites><testsuite errors="0" failures="0" hostname="LAPTOP-6GN3MAG3" name="pytest" skipped="0" tests="3" time="21.669" timestamp="2020-08-28T08:32:22.017812"><testcase classname="test_HomePage.TestHomePage" file="test_HomePage.py" line="11" name="test_formSubmission[getData0]" time="7.754"></testcase><testcase classname="test_HomePage.TestHomePage" file="test_HomePage.py" line="11" name="test_formSubmission[getData1]" time="1.197"></testcase><testcase classname="test_e2e.TestOne" file="test_e2e.py" line="14" name="test_e2e" time="12.626"></testcase></testsuite></testsuites>